<?xml version="1.0" encoding="UTF-8"?>
<coverage generated="1503788378197" clover="3.2.0">
  <project timestamp="1503788378197" name="All files">
    <metrics statements="43" coveredstatements="13" conditionals="41" coveredconditionals="12" methods="19" coveredmethods="2" elements="103" coveredelements="27" complexity="0" loc="43" ncloc="43" packages="3" files="4" classes="4">
      <package name="AppTabCustomerApp">
        <metrics statements="7" coveredstatements="3" conditionals="0" coveredconditionals="0" methods="5" coveredmethods="0"/>
        <file name="jest-setup.js" path="/Users/warren/Desktop/programming_projects/AppTabCustomerApp/jest-setup.js">
          <metrics statements="7" coveredstatements="3" conditionals="0" coveredconditionals="0" methods="5" coveredmethods="0"/>
          <line num="4" count="1" type="stmt"/>
          <line num="5" count="0" type="stmt"/>
          <line num="14" count="1" type="stmt"/>
          <line num="15" count="0" type="stmt"/>
          <line num="18" count="0" type="stmt"/>
          <line num="19" count="0" type="stmt"/>
          <line num="26" count="1" type="stmt"/>
        </file>
      </package>
      <package name="AppTabCustomerApp.app.common">
        <metrics statements="27" coveredstatements="5" conditionals="29" coveredconditionals="6" methods="9" coveredmethods="1"/>
        <file name="button.js" path="/Users/warren/Desktop/programming_projects/AppTabCustomerApp/app/common/button.js">
          <metrics statements="16" coveredstatements="3" conditionals="23" coveredconditionals="6" methods="4" coveredmethods="1"/>
          <line num="18" count="1" type="stmt"/>
          <line num="40" count="1" type="stmt"/>
          <line num="41" count="0" type="cond" truecount="0" falsecount="11"/>
          <line num="43" count="0" type="stmt"/>
          <line num="45" count="0" type="stmt"/>
          <line num="47" count="0" type="stmt"/>
          <line num="49" count="0" type="stmt"/>
          <line num="51" count="0" type="stmt"/>
          <line num="53" count="0" type="stmt"/>
          <line num="55" count="0" type="stmt"/>
          <line num="57" count="0" type="stmt"/>
          <line num="59" count="0" type="stmt"/>
          <line num="61" count="0" type="stmt"/>
          <line num="63" count="0" type="stmt"/>
          <line num="86" count="0" type="stmt"/>
          <line num="90" count="2" type="stmt"/>
        </file>
        <file name="spinner.js" path="/Users/warren/Desktop/programming_projects/AppTabCustomerApp/app/common/spinner.js">
          <metrics statements="11" coveredstatements="2" conditionals="6" coveredconditionals="0" methods="5" coveredmethods="0"/>
          <line num="8" count="1" type="stmt"/>
          <line num="10" count="1" type="stmt"/>
          <line num="29" count="0" type="stmt"/>
          <line num="30" count="0" type="cond" truecount="0" falsecount="2"/>
          <line num="31" count="0" type="cond" truecount="0" falsecount="2"/>
          <line num="32" count="0" type="stmt"/>
          <line num="36" count="0" type="stmt"/>
          <line num="40" count="0" type="stmt"/>
          <line num="41" count="0" type="stmt"/>
          <line num="45" count="0" type="stmt"/>
          <line num="46" count="0" type="stmt"/>
        </file>
      </package>
      <package name="AppTabCustomerApp.app.redux.components">
        <metrics statements="9" coveredstatements="5" conditionals="12" coveredconditionals="6" methods="5" coveredmethods="1"/>
        <file name="login.js" path="/Users/warren/Desktop/programming_projects/AppTabCustomerApp/app/redux/components/login.js">
          <metrics statements="9" coveredstatements="5" conditionals="12" coveredconditionals="6" methods="5" coveredmethods="1"/>
          <line num="11" count="1" type="stmt"/>
          <line num="13" count="1" type="stmt"/>
          <line num="69" count="1" type="stmt"/>
          <line num="70" count="1" type="stmt"/>
          <line num="91" count="0" type="stmt"/>
          <line num="95" count="0" type="stmt"/>
          <line num="99" count="0" type="cond" truecount="1" falsecount="1"/>
          <line num="105" count="0" type="stmt"/>
          <line num="110" count="1" type="stmt"/>
        </file>
      </package>
    </metrics>
  </project>
</coverage>
