<?xml version="1.0" encoding="UTF-8"?>
<coverage generated="1495052634194" clover="3.2.0">
  <project timestamp="1495052634195" name="All files">
    <metrics statements="31" coveredstatements="14" conditionals="22" coveredconditionals="8" methods="16" coveredmethods="2" elements="69" coveredelements="24" complexity="0" loc="31" ncloc="31" packages="3" files="4" classes="4">
      <package name="AppTabCustomerApp">
        <metrics statements="7" coveredstatements="3" conditionals="0" coveredconditionals="0" methods="5" coveredmethods="0"/>
        <file name="jest-setup.js" path="/Users/warren/Desktop/programming_projects/AppTabCustomerApp/jest-setup.js">
          <metrics statements="7" coveredstatements="3" conditionals="0" coveredconditionals="0" methods="5" coveredmethods="0"/>
          <line num="4" count="1" type="stmt"/>
          <line num="5" count="0" type="stmt"/>
          <line num="14" count="1" type="stmt"/>
          <line num="15" count="0" type="stmt"/>
          <line num="18" count="0" type="stmt"/>
          <line num="19" count="0" type="stmt"/>
          <line num="26" count="1" type="stmt"/>
        </file>
      </package>
      <package name="AppTabCustomerApp.app.common">
        <metrics statements="16" coveredstatements="6" conditionals="10" coveredconditionals="2" methods="7" coveredmethods="1"/>
        <file name="button.js" path="/Users/warren/Desktop/programming_projects/AppTabCustomerApp/app/common/button.js">
          <metrics statements="5" coveredstatements="4" conditionals="4" coveredconditionals="2" methods="2" coveredmethods="1"/>
          <line num="7" count="1" type="stmt"/>
          <line num="23" count="1" type="stmt"/>
          <line num="24" count="2" type="stmt"/>
          <line num="25" count="0" type="cond" truecount="1" falsecount="1"/>
          <line num="32" count="1" type="stmt"/>
        </file>
        <file name="spinner.js" path="/Users/warren/Desktop/programming_projects/AppTabCustomerApp/app/common/spinner.js">
          <metrics statements="11" coveredstatements="2" conditionals="6" coveredconditionals="0" methods="5" coveredmethods="0"/>
          <line num="7" count="1" type="stmt"/>
          <line num="9" count="1" type="stmt"/>
          <line num="27" count="0" type="stmt"/>
          <line num="28" count="0" type="cond" truecount="0" falsecount="2"/>
          <line num="29" count="0" type="cond" truecount="0" falsecount="2"/>
          <line num="30" count="0" type="stmt"/>
          <line num="34" count="0" type="stmt"/>
          <line num="38" count="0" type="stmt"/>
          <line num="39" count="0" type="stmt"/>
          <line num="43" count="0" type="stmt"/>
          <line num="44" count="0" type="stmt"/>
        </file>
      </package>
      <package name="AppTabCustomerApp.app.redux.components">
        <metrics statements="8" coveredstatements="5" conditionals="12" coveredconditionals="6" methods="4" coveredmethods="1"/>
        <file name="login.js" path="/Users/warren/Desktop/programming_projects/AppTabCustomerApp/app/redux/components/login.js">
          <metrics statements="8" coveredstatements="5" conditionals="12" coveredconditionals="6" methods="4" coveredmethods="1"/>
          <line num="10" count="1" type="stmt"/>
          <line num="12" count="1" type="stmt"/>
          <line num="68" count="1" type="stmt"/>
          <line num="69" count="1" type="stmt"/>
          <line num="90" count="0" type="stmt"/>
          <line num="94" count="0" type="stmt"/>
          <line num="98" count="0" type="cond" truecount="1" falsecount="1"/>
          <line num="108" count="1" type="stmt"/>
        </file>
      </package>
    </metrics>
  </project>
</coverage>
