{"/Users/warren/Desktop/programming_projects/AppTabCustomerApp/jest-setup.js": {"path":"/Users/warren/Desktop/programming_projects/AppTabCustomerApp/jest-setup.js","statementMap":{"0":{"start":{"line":4,"column":0},"end":{"line":12,"column":3}},"1":{"start":{"line":5,"column":2},"end":{"line":11,"column":3}},"2":{"start":{"line":14,"column":0},"end":{"line":24,"column":3}},"3":{"start":{"line":15,"column":2},"end":{"line":23,"column":3}},"4":{"start":{"line":18,"column":8},"end":{"line":20,"column":10}},"5":{"start":{"line":19,"column":10},"end":{"line":19,"column":23}},"6":{"start":{"line":26,"column":0},"end":{"line":29,"column":4}},"7":{"start":{"line":26,"column":40},"end":{"line":29,"column":1}}},"fnMap":{"0":{"name":"(anonymous_0)","decl":{"start":{"line":4,"column":21},"end":{"line":4,"column":22}},"loc":{"start":{"line":4,"column":27},"end":{"line":12,"column":1}},"line":4},"1":{"name":"(anonymous_1)","decl":{"start":{"line":14,"column":21},"end":{"line":14,"column":22}},"loc":{"start":{"line":14,"column":27},"end":{"line":24,"column":1}},"line":14},"2":{"name":"(anonymous_2)","decl":{"start":{"line":17,"column":13},"end":{"line":17,"column":14}},"loc":{"start":{"line":17,"column":19},"end":{"line":21,"column":7}},"line":17},"3":{"name":"(anonymous_3)","decl":{"start":{"line":18,"column":27},"end":{"line":18,"column":28}},"loc":{"start":{"line":18,"column":48},"end":{"line":20,"column":9}},"line":18},"4":{"name":"(anonymous_4)","decl":{"start":{"line":26,"column":33},"end":{"line":26,"column":34}},"loc":{"start":{"line":26,"column":40},"end":{"line":29,"column":1}},"line":26}},"branchMap":{},"s":{"0":1,"1":0,"2":1,"3":0,"4":0,"5":0,"6":1,"7":0},"f":{"0":0,"1":0,"2":0,"3":0,"4":0},"b":{},"_coverageSchema":"332fd63041d2c1bcb487cc26dd0d5f7d97098a6c","hash":"60365727be27e017b9b1e3129df1125e40a3a99f"}
,"/Users/warren/Desktop/programming_projects/AppTabCustomerApp/app/common/button.js": {"path":"/Users/warren/Desktop/programming_projects/AppTabCustomerApp/app/common/button.js","statementMap":{"0":{"start":{"line":7,"column":15},"end":{"line":21,"column":2}},"1":{"start":{"line":23,"column":15},"end":{"line":30,"column":1}},"2":{"start":{"line":24,"column":2},"end":{"line":29,"column":23}},"3":{"start":{"line":25,"column":31},"end":{"line":25,"column":40}},"4":{"start":{"line":32,"column":0},"end":{"line":37,"column":2}}},"fnMap":{"0":{"name":"(anonymous_0)","decl":{"start":{"line":23,"column":15},"end":{"line":23,"column":16}},"loc":{"start":{"line":24,"column":2},"end":{"line":29,"column":23}},"line":24},"1":{"name":"(anonymous_1)","decl":{"start":{"line":25,"column":25},"end":{"line":25,"column":26}},"loc":{"start":{"line":25,"column":31},"end":{"line":25,"column":40}},"line":25}},"branchMap":{"0":{"loc":{"start":{"line":25,"column":13},"end":{"line":25,"column":47}},"type":"cond-expr","locations":[{"start":{"line":25,"column":25},"end":{"line":25,"column":40}},{"start":{"line":25,"column":43},"end":{"line":25,"column":47}}],"line":25},"1":{"loc":{"start":{"line":26,"column":11},"end":{"line":26,"column":97}},"type":"cond-expr","locations":[{"start":{"line":26,"column":23},"end":{"line":26,"column":45}},{"start":{"line":26,"column":48},"end":{"line":26,"column":97}}],"line":26}},"s":{"0":1,"1":1,"2":2,"3":0,"4":1},"f":{"0":2,"1":0},"b":{"0":[2,0],"1":[2,0]},"_coverageSchema":"332fd63041d2c1bcb487cc26dd0d5f7d97098a6c","hash":"22c37bf4bf828fc4f12a06f07b97bce1f728019b"}
,"/Users/warren/Desktop/programming_projects/AppTabCustomerApp/app/common/spinner.js": {"path":"/Users/warren/Desktop/programming_projects/AppTabCustomerApp/app/common/spinner.js","statementMap":{"0":{"start":{"line":7,"column":21},"end":{"line":7,"column":63}},"1":{"start":{"line":9,"column":15},"end":{"line":17,"column":2}},"2":{"start":{"line":27,"column":4},"end":{"line":27,"column":17}},"3":{"start":{"line":28,"column":4},"end":{"line":28,"column":40}},"4":{"start":{"line":29,"column":4},"end":{"line":29,"column":42}},"5":{"start":{"line":30,"column":4},"end":{"line":30,"column":43}},"6":{"start":{"line":34,"column":4},"end":{"line":34,"column":15}},"7":{"start":{"line":38,"column":4},"end":{"line":38,"column":31}},"8":{"start":{"line":39,"column":4},"end":{"line":39,"column":114}},"9":{"start":{"line":39,"column":101},"end":{"line":39,"column":112}},"10":{"start":{"line":43,"column":17},"end":{"line":43,"column":97}},"11":{"start":{"line":44,"column":4},"end":{"line":49,"column":5}}},"fnMap":{"0":{"name":"(anonymous_0)","decl":{"start":{"line":26,"column":2},"end":{"line":26,"column":3}},"loc":{"start":{"line":26,"column":21},"end":{"line":31,"column":3}},"line":26},"1":{"name":"(anonymous_1)","decl":{"start":{"line":33,"column":2},"end":{"line":33,"column":3}},"loc":{"start":{"line":33,"column":22},"end":{"line":35,"column":3}},"line":33},"2":{"name":"(anonymous_2)","decl":{"start":{"line":37,"column":9},"end":{"line":37,"column":10}},"loc":{"start":{"line":37,"column":15},"end":{"line":40,"column":3}},"line":37},"3":{"name":"(anonymous_3)","decl":{"start":{"line":39,"column":95},"end":{"line":39,"column":96}},"loc":{"start":{"line":39,"column":101},"end":{"line":39,"column":112}},"line":39},"4":{"name":"(anonymous_4)","decl":{"start":{"line":42,"column":2},"end":{"line":42,"column":3}},"loc":{"start":{"line":42,"column":11},"end":{"line":50,"column":3}},"line":42}},"branchMap":{"0":{"loc":{"start":{"line":28,"column":17},"end":{"line":28,"column":39}},"type":"binary-expr","locations":[{"start":{"line":28,"column":17},"end":{"line":28,"column":33}},{"start":{"line":28,"column":37},"end":{"line":28,"column":39}}],"line":28},"1":{"loc":{"start":{"line":29,"column":18},"end":{"line":29,"column":41}},"type":"binary-expr","locations":[{"start":{"line":29,"column":18},"end":{"line":29,"column":35}},{"start":{"line":29,"column":39},"end":{"line":29,"column":41}}],"line":29},"2":{"loc":{"start":{"line":46,"column":45},"end":{"line":46,"column":83}},"type":"cond-expr","locations":[{"start":{"line":46,"column":63},"end":{"line":46,"column":78}},{"start":{"line":46,"column":81},"end":{"line":46,"column":83}}],"line":46}},"s":{"0":1,"1":1,"2":0,"3":0,"4":0,"5":0,"6":0,"7":0,"8":0,"9":0,"10":0,"11":0},"f":{"0":0,"1":0,"2":0,"3":0,"4":0},"b":{"0":[0,0],"1":[0,0],"2":[0,0]},"_coverageSchema":"332fd63041d2c1bcb487cc26dd0d5f7d97098a6c","hash":"3227d6fef775145106185a70b14422d4242a6096"}
,"/Users/warren/Desktop/programming_projects/AppTabCustomerApp/app/redux/components/login.js": {"path":"/Users/warren/Desktop/programming_projects/AppTabCustomerApp/app/redux/components/login.js","statementMap":{"0":{"start":{"line":10,"column":24},"end":{"line":10,"column":48}},"1":{"start":{"line":12,"column":15},"end":{"line":66,"column":2}},"2":{"start":{"line":68,"column":14},"end":{"line":106,"column":1}},"3":{"start":{"line":69,"column":2},"end":{"line":105,"column":9}},"4":{"start":{"line":90,"column":43},"end":{"line":90,"column":60}},"5":{"start":{"line":94,"column":43},"end":{"line":94,"column":63}},"6":{"start":{"line":98,"column":43},"end":{"line":98,"column":67}},"7":{"start":{"line":108,"column":0},"end":{"line":119,"column":2}}},"fnMap":{"0":{"name":"(anonymous_0)","decl":{"start":{"line":68,"column":14},"end":{"line":68,"column":15}},"loc":{"start":{"line":69,"column":2},"end":{"line":105,"column":9}},"line":69},"1":{"name":"(anonymous_1)","decl":{"start":{"line":90,"column":33},"end":{"line":90,"column":34}},"loc":{"start":{"line":90,"column":43},"end":{"line":90,"column":60}},"line":90},"2":{"name":"(anonymous_2)","decl":{"start":{"line":94,"column":33},"end":{"line":94,"column":34}},"loc":{"start":{"line":94,"column":43},"end":{"line":94,"column":63}},"line":94},"3":{"name":"(anonymous_3)","decl":{"start":{"line":98,"column":37},"end":{"line":98,"column":38}},"loc":{"start":{"line":98,"column":43},"end":{"line":98,"column":67}},"line":98}},"branchMap":{"0":{"loc":{"start":{"line":98,"column":7},"end":{"line":98,"column":117}},"type":"cond-expr","locations":[{"start":{"line":98,"column":20},"end":{"line":98,"column":110}},{"start":{"line":98,"column":113},"end":{"line":98,"column":117}}],"line":98},"1":{"loc":{"start":{"line":99,"column":7},"end":{"line":99,"column":77}},"type":"cond-expr","locations":[{"start":{"line":99,"column":20},"end":{"line":99,"column":70}},{"start":{"line":99,"column":73},"end":{"line":99,"column":77}}],"line":99},"2":{"loc":{"start":{"line":100,"column":7},"end":{"line":100,"column":78}},"type":"cond-expr","locations":[{"start":{"line":100,"column":25},"end":{"line":100,"column":71}},{"start":{"line":100,"column":74},"end":{"line":100,"column":78}}],"line":100},"3":{"loc":{"start":{"line":101,"column":7},"end":{"line":101,"column":59}},"type":"cond-expr","locations":[{"start":{"line":101,"column":22},"end":{"line":101,"column":52}},{"start":{"line":101,"column":55},"end":{"line":101,"column":59}}],"line":101},"4":{"loc":{"start":{"line":102,"column":7},"end":{"line":102,"column":56}},"type":"cond-expr","locations":[{"start":{"line":102,"column":22},"end":{"line":102,"column":49}},{"start":{"line":102,"column":52},"end":{"line":102,"column":56}}],"line":102},"5":{"loc":{"start":{"line":103,"column":7},"end":{"line":103,"column":36}},"type":"cond-expr","locations":[{"start":{"line":103,"column":19},"end":{"line":103,"column":29}},{"start":{"line":103,"column":32},"end":{"line":103,"column":36}}],"line":103}},"s":{"0":1,"1":1,"2":1,"3":1,"4":0,"5":0,"6":0,"7":1},"f":{"0":1,"1":0,"2":0,"3":0},"b":{"0":[1,0],"1":[1,0],"2":[0,1],"3":[0,1],"4":[0,1],"5":[0,1]},"_coverageSchema":"332fd63041d2c1bcb487cc26dd0d5f7d97098a6c","hash":"981337549aca8e384d642b143d51783967d6312c"}
}
