{"/Users/warren/Desktop/programming_projects/AppTabCustomerApp/jest-setup.js": {"path":"/Users/warren/Desktop/programming_projects/AppTabCustomerApp/jest-setup.js","statementMap":{"0":{"start":{"line":4,"column":0},"end":{"line":12,"column":3}},"1":{"start":{"line":5,"column":2},"end":{"line":11,"column":3}},"2":{"start":{"line":14,"column":0},"end":{"line":24,"column":3}},"3":{"start":{"line":15,"column":2},"end":{"line":23,"column":3}},"4":{"start":{"line":18,"column":8},"end":{"line":20,"column":10}},"5":{"start":{"line":19,"column":10},"end":{"line":19,"column":23}},"6":{"start":{"line":26,"column":0},"end":{"line":29,"column":4}},"7":{"start":{"line":26,"column":40},"end":{"line":29,"column":1}}},"fnMap":{"0":{"name":"(anonymous_0)","decl":{"start":{"line":4,"column":21},"end":{"line":4,"column":22}},"loc":{"start":{"line":4,"column":27},"end":{"line":12,"column":1}},"line":4},"1":{"name":"(anonymous_1)","decl":{"start":{"line":14,"column":21},"end":{"line":14,"column":22}},"loc":{"start":{"line":14,"column":27},"end":{"line":24,"column":1}},"line":14},"2":{"name":"(anonymous_2)","decl":{"start":{"line":17,"column":13},"end":{"line":17,"column":14}},"loc":{"start":{"line":17,"column":19},"end":{"line":21,"column":7}},"line":17},"3":{"name":"(anonymous_3)","decl":{"start":{"line":18,"column":27},"end":{"line":18,"column":28}},"loc":{"start":{"line":18,"column":48},"end":{"line":20,"column":9}},"line":18},"4":{"name":"(anonymous_4)","decl":{"start":{"line":26,"column":33},"end":{"line":26,"column":34}},"loc":{"start":{"line":26,"column":40},"end":{"line":29,"column":1}},"line":26}},"branchMap":{},"s":{"0":1,"1":0,"2":1,"3":0,"4":0,"5":0,"6":1,"7":0},"f":{"0":0,"1":0,"2":0,"3":0,"4":0},"b":{},"_coverageSchema":"332fd63041d2c1bcb487cc26dd0d5f7d97098a6c","hash":"60365727be27e017b9b1e3129df1125e40a3a99f"}
,"/Users/warren/Desktop/programming_projects/AppTabCustomerApp/app/common/button.js": {"path":"/Users/warren/Desktop/programming_projects/AppTabCustomerApp/app/common/button.js","statementMap":{"0":{"start":{"line":18,"column":15},"end":{"line":38,"column":2}},"1":{"start":{"line":40,"column":21},"end":{"line":65,"column":1}},"2":{"start":{"line":41,"column":2},"end":{"line":64,"column":3}},"3":{"start":{"line":43,"column":6},"end":{"line":43,"column":69}},"4":{"start":{"line":45,"column":6},"end":{"line":45,"column":72}},"5":{"start":{"line":47,"column":6},"end":{"line":47,"column":74}},"6":{"start":{"line":49,"column":6},"end":{"line":49,"column":73}},"7":{"start":{"line":51,"column":6},"end":{"line":51,"column":71}},"8":{"start":{"line":53,"column":6},"end":{"line":53,"column":76}},"9":{"start":{"line":55,"column":6},"end":{"line":55,"column":85}},"10":{"start":{"line":57,"column":6},"end":{"line":57,"column":71}},"11":{"start":{"line":59,"column":6},"end":{"line":59,"column":69}},"12":{"start":{"line":61,"column":6},"end":{"line":61,"column":78}},"13":{"start":{"line":63,"column":6},"end":{"line":63,"column":68}},"14":{"start":{"line":86,"column":4},"end":{"line":86,"column":53}},"15":{"start":{"line":86,"column":32},"end":{"line":86,"column":52}},"16":{"start":{"line":90,"column":4},"end":{"line":106,"column":28}}},"fnMap":{"0":{"name":"(anonymous_0)","decl":{"start":{"line":40,"column":21},"end":{"line":40,"column":22}},"loc":{"start":{"line":40,"column":67},"end":{"line":65,"column":1}},"line":40},"1":{"name":"(anonymous_1)","decl":{"start":{"line":85,"column":18},"end":{"line":85,"column":19}},"loc":{"start":{"line":85,"column":24},"end":{"line":87,"column":3}},"line":85},"2":{"name":"(anonymous_2)","decl":{"start":{"line":86,"column":26},"end":{"line":86,"column":27}},"loc":{"start":{"line":86,"column":32},"end":{"line":86,"column":52}},"line":86},"3":{"name":"(anonymous_3)","decl":{"start":{"line":89,"column":2},"end":{"line":89,"column":3}},"loc":{"start":{"line":89,"column":11},"end":{"line":108,"column":3}},"line":89}},"branchMap":{"0":{"loc":{"start":{"line":41,"column":2},"end":{"line":64,"column":3}},"type":"switch","locations":[{"start":{"line":42,"column":4},"end":{"line":43,"column":69}},{"start":{"line":44,"column":4},"end":{"line":45,"column":72}},{"start":{"line":46,"column":4},"end":{"line":47,"column":74}},{"start":{"line":48,"column":4},"end":{"line":49,"column":73}},{"start":{"line":50,"column":4},"end":{"line":51,"column":71}},{"start":{"line":52,"column":4},"end":{"line":53,"column":76}},{"start":{"line":54,"column":4},"end":{"line":55,"column":85}},{"start":{"line":56,"column":4},"end":{"line":57,"column":71}},{"start":{"line":58,"column":4},"end":{"line":59,"column":69}},{"start":{"line":60,"column":4},"end":{"line":61,"column":78}},{"start":{"line":62,"column":4},"end":{"line":63,"column":68}}],"line":41},"1":{"loc":{"start":{"line":92,"column":17},"end":{"line":92,"column":65}},"type":"cond-expr","locations":[{"start":{"line":92,"column":40},"end":{"line":92,"column":58}},{"start":{"line":92,"column":61},"end":{"line":92,"column":65}}],"line":92},"2":{"loc":{"start":{"line":93,"column":15},"end":{"line":95,"column":72}},"type":"cond-expr","locations":[{"start":{"line":94,"column":12},"end":{"line":94,"column":45}},{"start":{"line":95,"column":12},"end":{"line":95,"column":72}}],"line":93},"3":{"loc":{"start":{"line":96,"column":23},"end":{"line":96,"column":58}},"type":"binary-expr","locations":[{"start":{"line":96,"column":23},"end":{"line":96,"column":47}},{"start":{"line":96,"column":51},"end":{"line":96,"column":58}}],"line":96},"4":{"loc":{"start":{"line":98,"column":11},"end":{"line":103,"column":18}},"type":"cond-expr","locations":[{"start":{"line":99,"column":14},"end":{"line":102,"column":79}},{"start":{"line":103,"column":14},"end":{"line":103,"column":18}}],"line":98},"5":{"loc":{"start":{"line":102,"column":35},"end":{"line":102,"column":76}},"type":"binary-expr","locations":[{"start":{"line":102,"column":35},"end":{"line":102,"column":65}},{"start":{"line":102,"column":69},"end":{"line":102,"column":76}}],"line":102},"6":{"loc":{"start":{"line":104,"column":11},"end":{"line":104,"column":112}},"type":"cond-expr","locations":[{"start":{"line":104,"column":30},"end":{"line":104,"column":105}},{"start":{"line":104,"column":108},"end":{"line":104,"column":112}}],"line":104}},"s":{"0":1,"1":1,"2":0,"3":0,"4":0,"5":0,"6":0,"7":0,"8":0,"9":0,"10":0,"11":0,"12":0,"13":0,"14":0,"15":0,"16":2},"f":{"0":0,"1":0,"2":0,"3":2},"b":{"0":[0,0,0,0,0,0,0,0,0,0,0],"1":[2,0],"2":[2,0],"3":[2,2],"4":[0,2],"5":[0,0],"6":[2,0]},"_coverageSchema":"332fd63041d2c1bcb487cc26dd0d5f7d97098a6c","hash":"39cb45babda8e6f84d9f5ae075dc49601752dc3d"}
,"/Users/warren/Desktop/programming_projects/AppTabCustomerApp/app/common/spinner.js": {"path":"/Users/warren/Desktop/programming_projects/AppTabCustomerApp/app/common/spinner.js","statementMap":{"0":{"start":{"line":8,"column":21},"end":{"line":8,"column":63}},"1":{"start":{"line":10,"column":15},"end":{"line":18,"column":2}},"2":{"start":{"line":29,"column":4},"end":{"line":29,"column":17}},"3":{"start":{"line":30,"column":4},"end":{"line":30,"column":40}},"4":{"start":{"line":31,"column":4},"end":{"line":31,"column":42}},"5":{"start":{"line":32,"column":4},"end":{"line":32,"column":43}},"6":{"start":{"line":36,"column":4},"end":{"line":36,"column":15}},"7":{"start":{"line":40,"column":4},"end":{"line":40,"column":31}},"8":{"start":{"line":41,"column":4},"end":{"line":41,"column":137}},"9":{"start":{"line":41,"column":124},"end":{"line":41,"column":135}},"10":{"start":{"line":45,"column":17},"end":{"line":45,"column":97}},"11":{"start":{"line":46,"column":4},"end":{"line":51,"column":5}}},"fnMap":{"0":{"name":"(anonymous_0)","decl":{"start":{"line":28,"column":2},"end":{"line":28,"column":3}},"loc":{"start":{"line":28,"column":21},"end":{"line":33,"column":3}},"line":28},"1":{"name":"(anonymous_1)","decl":{"start":{"line":35,"column":2},"end":{"line":35,"column":3}},"loc":{"start":{"line":35,"column":22},"end":{"line":37,"column":3}},"line":35},"2":{"name":"(anonymous_2)","decl":{"start":{"line":39,"column":9},"end":{"line":39,"column":10}},"loc":{"start":{"line":39,"column":15},"end":{"line":42,"column":3}},"line":39},"3":{"name":"(anonymous_3)","decl":{"start":{"line":41,"column":118},"end":{"line":41,"column":119}},"loc":{"start":{"line":41,"column":124},"end":{"line":41,"column":135}},"line":41},"4":{"name":"(anonymous_4)","decl":{"start":{"line":44,"column":2},"end":{"line":44,"column":3}},"loc":{"start":{"line":44,"column":11},"end":{"line":52,"column":3}},"line":44}},"branchMap":{"0":{"loc":{"start":{"line":30,"column":17},"end":{"line":30,"column":39}},"type":"binary-expr","locations":[{"start":{"line":30,"column":17},"end":{"line":30,"column":33}},{"start":{"line":30,"column":37},"end":{"line":30,"column":39}}],"line":30},"1":{"loc":{"start":{"line":31,"column":18},"end":{"line":31,"column":41}},"type":"binary-expr","locations":[{"start":{"line":31,"column":18},"end":{"line":31,"column":35}},{"start":{"line":31,"column":39},"end":{"line":31,"column":41}}],"line":31},"2":{"loc":{"start":{"line":48,"column":45},"end":{"line":48,"column":83}},"type":"cond-expr","locations":[{"start":{"line":48,"column":63},"end":{"line":48,"column":78}},{"start":{"line":48,"column":81},"end":{"line":48,"column":83}}],"line":48}},"s":{"0":1,"1":1,"2":0,"3":0,"4":0,"5":0,"6":0,"7":0,"8":0,"9":0,"10":0,"11":0},"f":{"0":0,"1":0,"2":0,"3":0,"4":0},"b":{"0":[0,0],"1":[0,0],"2":[0,0]},"_coverageSchema":"332fd63041d2c1bcb487cc26dd0d5f7d97098a6c","hash":"2bb1b8b21cb77b735ef63bbddd2033131eae4144"}
,"/Users/warren/Desktop/programming_projects/AppTabCustomerApp/app/redux/components/login.js": {"path":"/Users/warren/Desktop/programming_projects/AppTabCustomerApp/app/redux/components/login.js","statementMap":{"0":{"start":{"line":11,"column":24},"end":{"line":11,"column":48}},"1":{"start":{"line":13,"column":15},"end":{"line":67,"column":2}},"2":{"start":{"line":69,"column":14},"end":{"line":108,"column":1}},"3":{"start":{"line":70,"column":2},"end":{"line":107,"column":9}},"4":{"start":{"line":91,"column":43},"end":{"line":91,"column":66}},"5":{"start":{"line":95,"column":43},"end":{"line":95,"column":63}},"6":{"start":{"line":99,"column":43},"end":{"line":99,"column":73}},"7":{"start":{"line":105,"column":36},"end":{"line":105,"column":56}},"8":{"start":{"line":110,"column":0},"end":{"line":122,"column":2}}},"fnMap":{"0":{"name":"(anonymous_0)","decl":{"start":{"line":69,"column":14},"end":{"line":69,"column":15}},"loc":{"start":{"line":70,"column":2},"end":{"line":107,"column":9}},"line":70},"1":{"name":"(anonymous_1)","decl":{"start":{"line":91,"column":33},"end":{"line":91,"column":34}},"loc":{"start":{"line":91,"column":43},"end":{"line":91,"column":66}},"line":91},"2":{"name":"(anonymous_2)","decl":{"start":{"line":95,"column":33},"end":{"line":95,"column":34}},"loc":{"start":{"line":95,"column":43},"end":{"line":95,"column":63}},"line":95},"3":{"name":"(anonymous_3)","decl":{"start":{"line":99,"column":37},"end":{"line":99,"column":38}},"loc":{"start":{"line":99,"column":43},"end":{"line":99,"column":73}},"line":99},"4":{"name":"(anonymous_4)","decl":{"start":{"line":105,"column":30},"end":{"line":105,"column":31}},"loc":{"start":{"line":105,"column":36},"end":{"line":105,"column":56}},"line":105}},"branchMap":{"0":{"loc":{"start":{"line":99,"column":7},"end":{"line":99,"column":123}},"type":"cond-expr","locations":[{"start":{"line":99,"column":20},"end":{"line":99,"column":116}},{"start":{"line":99,"column":119},"end":{"line":99,"column":123}}],"line":99},"1":{"loc":{"start":{"line":100,"column":7},"end":{"line":100,"column":77}},"type":"cond-expr","locations":[{"start":{"line":100,"column":20},"end":{"line":100,"column":70}},{"start":{"line":100,"column":73},"end":{"line":100,"column":77}}],"line":100},"2":{"loc":{"start":{"line":101,"column":7},"end":{"line":101,"column":78}},"type":"cond-expr","locations":[{"start":{"line":101,"column":25},"end":{"line":101,"column":71}},{"start":{"line":101,"column":74},"end":{"line":101,"column":78}}],"line":101},"3":{"loc":{"start":{"line":102,"column":7},"end":{"line":102,"column":59}},"type":"cond-expr","locations":[{"start":{"line":102,"column":22},"end":{"line":102,"column":52}},{"start":{"line":102,"column":55},"end":{"line":102,"column":59}}],"line":102},"4":{"loc":{"start":{"line":103,"column":7},"end":{"line":103,"column":56}},"type":"cond-expr","locations":[{"start":{"line":103,"column":22},"end":{"line":103,"column":49}},{"start":{"line":103,"column":52},"end":{"line":103,"column":56}}],"line":103},"5":{"loc":{"start":{"line":104,"column":7},"end":{"line":104,"column":36}},"type":"cond-expr","locations":[{"start":{"line":104,"column":19},"end":{"line":104,"column":29}},{"start":{"line":104,"column":32},"end":{"line":104,"column":36}}],"line":104}},"s":{"0":1,"1":1,"2":1,"3":1,"4":0,"5":0,"6":0,"7":0,"8":1},"f":{"0":1,"1":0,"2":0,"3":0,"4":0},"b":{"0":[1,0],"1":[1,0],"2":[0,1],"3":[0,1],"4":[0,1],"5":[0,1]},"_coverageSchema":"332fd63041d2c1bcb487cc26dd0d5f7d97098a6c","hash":"352030128b1b8952175ab09bc3ce1cf6cc1e0e85"}
}
