TN:
SF:/Users/warren/Desktop/programming_projects/AppTabCustomerApp/jest-setup.js
FN:4,(anonymous_0)
FN:14,(anonymous_1)
FN:17,(anonymous_2)
FN:18,(anonymous_3)
FN:26,(anonymous_4)
FNF:5
FNH:0
FNDA:0,(anonymous_0)
FNDA:0,(anonymous_1)
FNDA:0,(anonymous_2)
FNDA:0,(anonymous_3)
FNDA:0,(anonymous_4)
DA:4,1
DA:5,0
DA:14,1
DA:15,0
DA:18,0
DA:19,0
DA:26,1
LF:7
LH:3
BRF:0
BRH:0
end_of_record
TN:
SF:/Users/warren/Desktop/programming_projects/AppTabCustomerApp/app/common/button.js
FN:40,(anonymous_0)
FN:85,(anonymous_1)
FN:86,(anonymous_2)
FN:89,(anonymous_3)
FNF:4
FNH:1
FNDA:0,(anonymous_0)
FNDA:0,(anonymous_1)
FNDA:0,(anonymous_2)
FNDA:2,(anonymous_3)
DA:18,1
DA:40,1
DA:41,0
DA:43,0
DA:45,0
DA:47,0
DA:49,0
DA:51,0
DA:53,0
DA:55,0
DA:57,0
DA:59,0
DA:61,0
DA:63,0
DA:86,0
DA:90,2
LF:16
LH:3
BRDA:41,0,0,0
BRDA:41,0,1,0
BRDA:41,0,2,0
BRDA:41,0,3,0
BRDA:41,0,4,0
BRDA:41,0,5,0
BRDA:41,0,6,0
BRDA:41,0,7,0
BRDA:41,0,8,0
BRDA:41,0,9,0
BRDA:41,0,10,0
BRDA:92,1,0,2
BRDA:92,1,1,0
BRDA:93,2,0,2
BRDA:93,2,1,0
BRDA:96,3,0,2
BRDA:96,3,1,2
BRDA:98,4,0,0
BRDA:98,4,1,2
BRDA:102,5,0,0
BRDA:102,5,1,0
BRDA:104,6,0,2
BRDA:104,6,1,0
BRF:23
BRH:6
end_of_record
TN:
SF:/Users/warren/Desktop/programming_projects/AppTabCustomerApp/app/common/spinner.js
FN:28,(anonymous_0)
FN:35,(anonymous_1)
FN:39,(anonymous_2)
FN:41,(anonymous_3)
FN:44,(anonymous_4)
FNF:5
FNH:0
FNDA:0,(anonymous_0)
FNDA:0,(anonymous_1)
FNDA:0,(anonymous_2)
FNDA:0,(anonymous_3)
FNDA:0,(anonymous_4)
DA:8,1
DA:10,1
DA:29,0
DA:30,0
DA:31,0
DA:32,0
DA:36,0
DA:40,0
DA:41,0
DA:45,0
DA:46,0
LF:11
LH:2
BRDA:30,0,0,0
BRDA:30,0,1,0
BRDA:31,1,0,0
BRDA:31,1,1,0
BRDA:48,2,0,0
BRDA:48,2,1,0
BRF:6
BRH:0
end_of_record
TN:
SF:/Users/warren/Desktop/programming_projects/AppTabCustomerApp/app/redux/components/login.js
FN:69,(anonymous_0)
FN:91,(anonymous_1)
FN:95,(anonymous_2)
FN:99,(anonymous_3)
FN:105,(anonymous_4)
FNF:5
FNH:1
FNDA:1,(anonymous_0)
FNDA:0,(anonymous_1)
FNDA:0,(anonymous_2)
FNDA:0,(anonymous_3)
FNDA:0,(anonymous_4)
DA:11,1
DA:13,1
DA:69,1
DA:70,1
DA:91,0
DA:95,0
DA:99,0
DA:105,0
DA:110,1
LF:9
LH:5
BRDA:99,0,0,1
BRDA:99,0,1,0
BRDA:100,1,0,1
BRDA:100,1,1,0
BRDA:101,2,0,0
BRDA:101,2,1,1
BRDA:102,3,0,0
BRDA:102,3,1,1
BRDA:103,4,0,0
BRDA:103,4,1,1
BRDA:104,5,0,0
BRDA:104,5,1,1
BRF:12
BRH:6
end_of_record
