TN:
SF:/Users/warren/Desktop/programming_projects/AppTabCustomerApp/jest-setup.js
FN:4,(anonymous_0)
FN:14,(anonymous_1)
FN:17,(anonymous_2)
FN:18,(anonymous_3)
FN:26,(anonymous_4)
FNF:5
FNH:0
FNDA:0,(anonymous_0)
FNDA:0,(anonymous_1)
FNDA:0,(anonymous_2)
FNDA:0,(anonymous_3)
FNDA:0,(anonymous_4)
DA:4,1
DA:5,0
DA:14,1
DA:15,0
DA:18,0
DA:19,0
DA:26,1
LF:7
LH:3
BRF:0
BRH:0
end_of_record
TN:
SF:/Users/warren/Desktop/programming_projects/AppTabCustomerApp/app/common/button.js
FN:23,(anonymous_0)
FN:25,(anonymous_1)
FNF:2
FNH:1
FNDA:2,(anonymous_0)
FNDA:0,(anonymous_1)
DA:7,1
DA:23,1
DA:24,2
DA:25,0
DA:32,1
LF:5
LH:4
BRDA:25,0,0,2
BRDA:25,0,1,0
BRDA:26,1,0,2
BRDA:26,1,1,0
BRF:4
BRH:2
end_of_record
TN:
SF:/Users/warren/Desktop/programming_projects/AppTabCustomerApp/app/common/spinner.js
FN:26,(anonymous_0)
FN:33,(anonymous_1)
FN:37,(anonymous_2)
FN:39,(anonymous_3)
FN:42,(anonymous_4)
FNF:5
FNH:0
FNDA:0,(anonymous_0)
FNDA:0,(anonymous_1)
FNDA:0,(anonymous_2)
FNDA:0,(anonymous_3)
FNDA:0,(anonymous_4)
DA:7,1
DA:9,1
DA:27,0
DA:28,0
DA:29,0
DA:30,0
DA:34,0
DA:38,0
DA:39,0
DA:43,0
DA:44,0
LF:11
LH:2
BRDA:28,0,0,0
BRDA:28,0,1,0
BRDA:29,1,0,0
BRDA:29,1,1,0
BRDA:46,2,0,0
BRDA:46,2,1,0
BRF:6
BRH:0
end_of_record
TN:
SF:/Users/warren/Desktop/programming_projects/AppTabCustomerApp/app/redux/components/login.js
FN:68,(anonymous_0)
FN:90,(anonymous_1)
FN:94,(anonymous_2)
FN:98,(anonymous_3)
FNF:4
FNH:1
FNDA:1,(anonymous_0)
FNDA:0,(anonymous_1)
FNDA:0,(anonymous_2)
FNDA:0,(anonymous_3)
DA:10,1
DA:12,1
DA:68,1
DA:69,1
DA:90,0
DA:94,0
DA:98,0
DA:108,1
LF:8
LH:5
BRDA:98,0,0,1
BRDA:98,0,1,0
BRDA:99,1,0,1
BRDA:99,1,1,0
BRDA:100,2,0,0
BRDA:100,2,1,1
BRDA:101,3,0,0
BRDA:101,3,1,1
BRDA:102,4,0,0
BRDA:102,4,1,1
BRDA:103,5,0,0
BRDA:103,5,1,1
BRF:12
BRH:6
end_of_record
